<?xml version="1.0" encoding="UTF-8"?>
<!-- Generated by org.testng.reporters.JUnitXMLReporter -->
<testsuite hostname="LAPTOP-AQ3551AL" ignored="0" name="Test" tests="5" failures="0" timestamp="06 Dec 2019 20:43:35 GMT" time="5.913" errors="0">
  <testcase name="test_getAllVideoGames" time="1.81" classname="testCases.TC_VedioGameAPI"/>
  <testcase name="test_addNewVideoGame" time="0.421" classname="testCases.TC_VedioGameAPI"/>
  <testcase name="test_getVideoGame" time="0.546" classname="testCases.TC_VedioGameAPI"/>
  <testcase name="test_updateVideoGame" time="0.077" classname="testCases.TC_VedioGameAPI"/>
  <testcase name="test_deleteVideoGame" time="3.028" classname="testCases.TC_VedioGameAPI"/>
</testsuite> <!-- Test -->
