<?xml version="1.0" encoding="UTF-8"?>
<testng-results skipped="0" failed="0" ignored="0" total="5" passed="5">
  <reporter-output>
  </reporter-output>
  <suite name="Suite" duration-ms="5913" started-at="2019-12-06T20:43:29Z" finished-at="2019-12-06T20:43:35Z">
    <groups>
    </groups>
    <test name="Test" duration-ms="5913" started-at="2019-12-06T20:43:29Z" finished-at="2019-12-06T20:43:35Z">
      <class name="testCases.TC_VedioGameAPI">
        <test-method status="PASS" signature="test_getAllVideoGames()[pri:1, instance:testCases.TC_VedioGameAPI@15d9bc04]" name="test_getAllVideoGames" duration-ms="1810" started-at="2019-12-06T20:43:29Z" finished-at="2019-12-06T20:43:31Z">
          <reporter-output>
          </reporter-output>
        </test-method> <!-- test_getAllVideoGames -->
        <test-method status="PASS" signature="test_addNewVideoGame()[pri:2, instance:testCases.TC_VedioGameAPI@15d9bc04]" name="test_addNewVideoGame" duration-ms="421" started-at="2019-12-06T20:43:31Z" finished-at="2019-12-06T20:43:31Z">
          <reporter-output>
          </reporter-output>
        </test-method> <!-- test_addNewVideoGame -->
        <test-method status="PASS" signature="test_getVideoGame()[pri:3, instance:testCases.TC_VedioGameAPI@15d9bc04]" name="test_getVideoGame" duration-ms="546" started-at="2019-12-06T20:43:31Z" finished-at="2019-12-06T20:43:32Z">
          <reporter-output>
          </reporter-output>
        </test-method> <!-- test_getVideoGame -->
        <test-method status="PASS" signature="test_updateVideoGame()[pri:4, instance:testCases.TC_VedioGameAPI@15d9bc04]" name="test_updateVideoGame" duration-ms="77" started-at="2019-12-06T20:43:32Z" finished-at="2019-12-06T20:43:32Z">
          <reporter-output>
          </reporter-output>
        </test-method> <!-- test_updateVideoGame -->
        <test-method status="PASS" signature="test_deleteVideoGame()[pri:5, instance:testCases.TC_VedioGameAPI@15d9bc04]" name="test_deleteVideoGame" duration-ms="3028" started-at="2019-12-06T20:43:32Z" finished-at="2019-12-06T20:43:35Z">
          <reporter-output>
          </reporter-output>
        </test-method> <!-- test_deleteVideoGame -->
      </class> <!-- testCases.TC_VedioGameAPI -->
    </test> <!-- Test -->
  </suite> <!-- Suite -->
</testng-results>
