<?xml version="1.0" encoding="UTF-8"?>
<testng-results ignored="0" total="5" passed="5" failed="0" skipped="0">
  <reporter-output>
  </reporter-output>
  <suite started-at="2019-12-06T20:33:48Z" name="Suite" finished-at="2019-12-06T20:33:54Z" duration-ms="6013">
    <groups>
    </groups>
    <test started-at="2019-12-06T20:33:48Z" name="Test" finished-at="2019-12-06T20:33:54Z" duration-ms="6013">
      <class name="testCases.TC_VedioGameAPI">
        <test-method signature="test_getAllVideoGames()[pri:1, instance:testCases.TC_VedioGameAPI@43dac38f]" started-at="2019-12-06T20:33:48Z" name="test_getAllVideoGames" finished-at="2019-12-06T20:33:50Z" duration-ms="2029" status="PASS">
          <reporter-output>
          </reporter-output>
        </test-method> <!-- test_getAllVideoGames -->
        <test-method signature="test_addNewVideoGame()[pri:2, instance:testCases.TC_VedioGameAPI@43dac38f]" started-at="2019-12-06T20:33:50Z" name="test_addNewVideoGame" finished-at="2019-12-06T20:33:51Z" duration-ms="429" status="PASS">
          <reporter-output>
          </reporter-output>
        </test-method> <!-- test_addNewVideoGame -->
        <test-method signature="test_getVideoGame()[pri:3, instance:testCases.TC_VedioGameAPI@43dac38f]" started-at="2019-12-06T20:33:51Z" name="test_getVideoGame" finished-at="2019-12-06T20:33:51Z" duration-ms="394" status="PASS">
          <reporter-output>
          </reporter-output>
        </test-method> <!-- test_getVideoGame -->
        <test-method signature="test_updateVideoGame()[pri:4, instance:testCases.TC_VedioGameAPI@43dac38f]" started-at="2019-12-06T20:33:51Z" name="test_updateVideoGame" finished-at="2019-12-06T20:33:51Z" duration-ms="69" status="PASS">
          <reporter-output>
          </reporter-output>
        </test-method> <!-- test_updateVideoGame -->
        <test-method signature="test_deleteVideoGame()[pri:5, instance:testCases.TC_VedioGameAPI@43dac38f]" started-at="2019-12-06T20:33:51Z" name="test_deleteVideoGame" finished-at="2019-12-06T20:33:54Z" duration-ms="3035" status="PASS">
          <reporter-output>
          </reporter-output>
        </test-method> <!-- test_deleteVideoGame -->
      </class> <!-- testCases.TC_VedioGameAPI -->
    </test> <!-- Test -->
  </suite> <!-- Suite -->
</testng-results>
